<?xml version="1.0" encoding="UTF-8"?>
<!-- Generated by org.testng.reporters.JUnitReportReporter -->
<testsuite hostname="ubuntu" name="load_tweet.tweet_loader.AppTest" tests="1" failures="0" timestamp="19 Jul 2017 13:42:23 GMT" time="0.013" errors="0">
  <testcase name="testApp" time="0.013" classname="load_tweet.tweet_loader.AppTest"/>
</testsuite> <!-- load_tweet.tweet_loader.AppTest -->
